<?xml version="1.0" encoding="UTF-8"?>
<testng-results skipped="0" failed="0" total="1" passed="1">
  <reporter-output>
  </reporter-output>
  <suite name="Default suite" duration-ms="29" started-at="2019-08-19T11:34:45Z" finished-at="2019-08-19T11:34:45Z">
    <groups>
    </groups>
    <test name="Default test" duration-ms="29" started-at="2019-08-19T11:34:45Z" finished-at="2019-08-19T11:34:45Z">
      <class name="TEST.TEST">
        <test-method status="PASS" signature="brower()[pri:0, instance:TEST.TEST@424c0bc4]" name="brower" is-config="true" duration-ms="7" started-at="2019-08-19T17:04:45Z" finished-at="2019-08-19T17:04:45Z">
          <reporter-output>
          </reporter-output>
        </test-method> <!-- brower -->
        <test-method status="PASS" signature="add()[pri:0, instance:TEST.TEST@424c0bc4]" name="add" duration-ms="6" started-at="2019-08-19T17:04:45Z" finished-at="2019-08-19T17:04:45Z">
          <reporter-output>
          </reporter-output>
        </test-method> <!-- add -->
      </class> <!-- TEST.TEST -->
    </test> <!-- Default test -->
  </suite> <!-- Default suite -->
</testng-results>
